Watching for file changes with StatReloader
C:\Users\Paul\hacksmith\ehr\backend\patients\views.py changed, reloading.
Watching for file changes with StatReloader
C:\Users\Paul\hacksmith\ehr\backend\patients\models.py changed, reloading.
Watching for file changes with StatReloader
C:\Users\Paul\hacksmith\ehr\backend\patients\serializers.py changed, reloading.
Watching for file changes with StatReloader
C:\Users\Paul\hacksmith\ehr\backend\patients\views.py changed, reloading.
Watching for file changes with StatReloader
C:\Users\Paul\hacksmith\ehr\backend\ehr_project\urls.py changed, reloading.
Watching for file changes with StatReloader
Exception in thread django-main-thread:
Traceback (most recent call last):
  File "C:\Program Files\WindowsApps\PythonSoftwareFoundation.Python.3.13_3.13.2544.0_x64__qbz5n2kfra8p0\Lib\threading.py", line 1043, in _bootstrap_inner
    self.run()
    ~~~~~~~~^^
  File "C:\Program Files\WindowsApps\PythonSoftwareFoundation.Python.3.13_3.13.2544.0_x64__qbz5n2kfra8p0\Lib\threading.py", line 994, in run
    self._target(*self._args, **self._kwargs)
    ~~~~~~~~~~~~^^^^^^^^^^^^^^^^^^^^^^^^^^^^^
  File "C:\Users\Paul\AppData\Local\Packages\PythonSoftwareFoundation.Python.3.13_qbz5n2kfra8p0\LocalCache\local-packages\Python313\site-packages\django\utils\autoreload.py", line 64, in wrapper
    fn(*args, **kwargs)
    ~~^^^^^^^^^^^^^^^^^
  File "C:\Users\Paul\AppData\Local\Packages\PythonSoftwareFoundation.Python.3.13_qbz5n2kfra8p0\LocalCache\local-packages\Python313\site-packages\django\core\management\commands\runserver.py", line 133, in inner_run
    self.check(display_num_errors=True)
    ~~~~~~~~~~^^^^^^^^^^^^^^^^^^^^^^^^^
  File "C:\Users\Paul\AppData\Local\Packages\PythonSoftwareFoundation.Python.3.13_qbz5n2kfra8p0\LocalCache\local-packages\Python313\site-packages\django\core\management\base.py", line 556, in check
    raise SystemCheckError(msg)
django.core.management.base.SystemCheckError: SystemCheckError: System check identified some issues:

ERRORS:
?: (urls.E004) Your URL pattern ([<URLPattern '^$' [name='appointments-list']>, <URLPattern '^\.(?P<format>[a-z0-9]+)/?$' [name='appointments-list']>, <URLPattern '^(?P<pk>[^/.]+)/$' [name='appointments-detail']>, <URLPattern '^(?P<pk>[^/.]+)\.(?P<format>[a-z0-9]+)/?$' [name='appointments-detail']>, <URLPattern '^$' [name='api-root']>, <URLPattern '^\.(?P<format>[a-z0-9]+)/?$' [name='api-root']>], None, None) is invalid. Ensure that urlpatterns is a list of path() and/or re_path() instances.
	HINT: Try using path() instead of a tuple.

System check identified 1 issue (0 silenced).
C:\Users\Paul\hacksmith\ehr\backend\ehr_project\urls.py changed, reloading.
Watching for file changes with StatReloader
Exception in thread django-main-thread:
Traceback (most recent call last):
  File "C:\Program Files\WindowsApps\PythonSoftwareFoundation.Python.3.13_3.13.2544.0_x64__qbz5n2kfra8p0\Lib\threading.py", line 1043, in _bootstrap_inner
    self.run()
    ~~~~~~~~^^
  File "C:\Program Files\WindowsApps\PythonSoftwareFoundation.Python.3.13_3.13.2544.0_x64__qbz5n2kfra8p0\Lib\threading.py", line 994, in run
    self._target(*self._args, **self._kwargs)
    ~~~~~~~~~~~~^^^^^^^^^^^^^^^^^^^^^^^^^^^^^
  File "C:\Users\Paul\AppData\Local\Packages\PythonSoftwareFoundation.Python.3.13_qbz5n2kfra8p0\LocalCache\local-packages\Python313\site-packages\django\utils\autoreload.py", line 64, in wrapper
    fn(*args, **kwargs)
    ~~^^^^^^^^^^^^^^^^^
  File "C:\Users\Paul\AppData\Local\Packages\PythonSoftwareFoundation.Python.3.13_qbz5n2kfra8p0\LocalCache\local-packages\Python313\site-packages\django\core\management\commands\runserver.py", line 133, in inner_run
    self.check(display_num_errors=True)
    ~~~~~~~~~~^^^^^^^^^^^^^^^^^^^^^^^^^
  File "C:\Users\Paul\AppData\Local\Packages\PythonSoftwareFoundation.Python.3.13_qbz5n2kfra8p0\LocalCache\local-packages\Python313\site-packages\django\core\management\base.py", line 556, in check
    raise SystemCheckError(msg)
django.core.management.base.SystemCheckError: SystemCheckError: System check identified some issues:

ERRORS:
?: (urls.E004) Your URL pattern ([<URLPattern '^$' [name='appointments-list']>, <URLPattern '^\.(?P<format>[a-z0-9]+)/?$' [name='appointments-list']>, <URLPattern '^(?P<pk>[^/.]+)/$' [name='appointments-detail']>, <URLPattern '^(?P<pk>[^/.]+)\.(?P<format>[a-z0-9]+)/?$' [name='appointments-detail']>, <URLPattern '^$' [name='api-root']>, <URLPattern '^\.(?P<format>[a-z0-9]+)/?$' [name='api-root']>], None, None) is invalid. Ensure that urlpatterns is a list of path() and/or re_path() instances.
	HINT: Try using path() instead of a tuple.

System check identified 1 issue (0 silenced).
C:\Users\Paul\hacksmith\ehr\backend\patients\appointments_urls.py changed, reloading.
Watching for file changes with StatReloader
C:\Users\Paul\hacksmith\ehr\backend\patients\appointments_urls.py changed, reloading.
Watching for file changes with StatReloader
C:\Users\Paul\hacksmith\ehr\backend\ehr_project\urls.py changed, reloading.
Watching for file changes with StatReloader
C:\Users\Paul\hacksmith\ehr\backend\ehr_project\urls.py changed, reloading.
Watching for file changes with StatReloader
[18/Nov/2025 23:55:58] "GET /api/reports/ HTTP/1.1" 200 115
[19/Nov/2025 00:18:07] "POST /api/auth/login/ HTTP/1.1" 200 196
C:\Users\Paul\hacksmith\ehr\backend\ehr_project\settings.py changed, reloading.
Watching for file changes with StatReloader
C:\Users\Paul\hacksmith\ehr\backend\reports\models.py changed, reloading.
Watching for file changes with StatReloader
C:\Users\Paul\hacksmith\ehr\backend\reports\views.py changed, reloading.
Watching for file changes with StatReloader
Exception in thread django-main-thread:
Traceback (most recent call last):
  File "C:\Program Files\WindowsApps\PythonSoftwareFoundation.Python.3.13_3.13.2544.0_x64__qbz5n2kfra8p0\Lib\threading.py", line 1043, in _bootstrap_inner
    self.run()
    ~~~~~~~~^^
  File "C:\Program Files\WindowsApps\PythonSoftwareFoundation.Python.3.13_3.13.2544.0_x64__qbz5n2kfra8p0\Lib\threading.py", line 994, in run
    self._target(*self._args, **self._kwargs)
    ~~~~~~~~~~~~^^^^^^^^^^^^^^^^^^^^^^^^^^^^^
  File "C:\Users\Paul\AppData\Local\Packages\PythonSoftwareFoundation.Python.3.13_qbz5n2kfra8p0\LocalCache\local-packages\Python313\site-packages\django\utils\autoreload.py", line 64, in wrapper
    fn(*args, **kwargs)
    ~~^^^^^^^^^^^^^^^^^
  File "C:\Users\Paul\AppData\Local\Packages\PythonSoftwareFoundation.Python.3.13_qbz5n2kfra8p0\LocalCache\local-packages\Python313\site-packages\django\core\management\commands\runserver.py", line 133, in inner_run
    self.check(display_num_errors=True)
    ~~~~~~~~~~^^^^^^^^^^^^^^^^^^^^^^^^^
  File "C:\Users\Paul\AppData\Local\Packages\PythonSoftwareFoundation.Python.3.13_qbz5n2kfra8p0\LocalCache\local-packages\Python313\site-packages\django\core\management\base.py", line 485, in check
    all_issues = checks.run_checks(
        app_configs=app_configs,
    ...<2 lines>...
        databases=databases,
    )
  File "C:\Users\Paul\AppData\Local\Packages\PythonSoftwareFoundation.Python.3.13_qbz5n2kfra8p0\LocalCache\local-packages\Python313\site-packages\django\core\checks\registry.py", line 88, in run_checks
    new_errors = check(app_configs=app_configs, databases=databases)
  File "C:\Users\Paul\AppData\Local\Packages\PythonSoftwareFoundation.Python.3.13_qbz5n2kfra8p0\LocalCache\local-packages\Python313\site-packages\django\core\checks\urls.py", line 14, in check_url_config
    return check_resolver(resolver)
  File "C:\Users\Paul\AppData\Local\Packages\PythonSoftwareFoundation.Python.3.13_qbz5n2kfra8p0\LocalCache\local-packages\Python313\site-packages\django\core\checks\urls.py", line 24, in check_resolver
    return check_method()
  File "C:\Users\Paul\AppData\Local\Packages\PythonSoftwareFoundation.Python.3.13_qbz5n2kfra8p0\LocalCache\local-packages\Python313\site-packages\django\urls\resolvers.py", line 494, in check
    for pattern in self.url_patterns:
                   ^^^^^^^^^^^^^^^^^
  File "C:\Users\Paul\AppData\Local\Packages\PythonSoftwareFoundation.Python.3.13_qbz5n2kfra8p0\LocalCache\local-packages\Python313\site-packages\django\utils\functional.py", line 57, in __get__
    res = instance.__dict__[self.name] = self.func(instance)
                                         ~~~~~~~~~^^^^^^^^^^
  File "C:\Users\Paul\AppData\Local\Packages\PythonSoftwareFoundation.Python.3.13_qbz5n2kfra8p0\LocalCache\local-packages\Python313\site-packages\django\urls\resolvers.py", line 715, in url_patterns
    patterns = getattr(self.urlconf_module, "urlpatterns", self.urlconf_module)
                       ^^^^^^^^^^^^^^^^^^^
  File "C:\Users\Paul\AppData\Local\Packages\PythonSoftwareFoundation.Python.3.13_qbz5n2kfra8p0\LocalCache\local-packages\Python313\site-packages\django\utils\functional.py", line 57, in __get__
    res = instance.__dict__[self.name] = self.func(instance)
                                         ~~~~~~~~~^^^^^^^^^^
  File "C:\Users\Paul\AppData\Local\Packages\PythonSoftwareFoundation.Python.3.13_qbz5n2kfra8p0\LocalCache\local-packages\Python313\site-packages\django\urls\resolvers.py", line 708, in urlconf_module
    return import_module(self.urlconf_name)
  File "C:\Program Files\WindowsApps\PythonSoftwareFoundation.Python.3.13_3.13.2544.0_x64__qbz5n2kfra8p0\Lib\importlib\__init__.py", line 88, in import_module
    return _bootstrap._gcd_import(name[level:], package, level)
           ~~~~~~~~~~~~~~~~~~~~~~^^^^^^^^^^^^^^^^^^^^^^^^^^^^^^
  File "<frozen importlib._bootstrap>", line 1387, in _gcd_import
  File "<frozen importlib._bootstrap>", line 1360, in _find_and_load
  File "<frozen importlib._bootstrap>", line 1331, in _find_and_load_unlocked
  File "<frozen importlib._bootstrap>", line 935, in _load_unlocked
  File "<frozen importlib._bootstrap_external>", line 1027, in exec_module
  File "<frozen importlib._bootstrap>", line 488, in _call_with_frames_removed
  File "C:\Users\Paul\hacksmith\ehr\backend\ehr_project\urls.py", line 9, in <module>
    path('api/reports/', include('reports.urls')),
                         ~~~~~~~^^^^^^^^^^^^^^^^
  File "C:\Users\Paul\AppData\Local\Packages\PythonSoftwareFoundation.Python.3.13_qbz5n2kfra8p0\LocalCache\local-packages\Python313\site-packages\django\urls\conf.py", line 38, in include
    urlconf_module = import_module(urlconf_module)
  File "C:\Program Files\WindowsApps\PythonSoftwareFoundation.Python.3.13_3.13.2544.0_x64__qbz5n2kfra8p0\Lib\importlib\__init__.py", line 88, in import_module
    return _bootstrap._gcd_import(name[level:], package, level)
           ~~~~~~~~~~~~~~~~~~~~~~^^^^^^^^^^^^^^^^^^^^^^^^^^^^^^
  File "<frozen importlib._bootstrap>", line 1387, in _gcd_import
  File "<frozen importlib._bootstrap>", line 1360, in _find_and_load
  File "<frozen importlib._bootstrap>", line 1331, in _find_and_load_unlocked
  File "<frozen importlib._bootstrap>", line 935, in _load_unlocked
  File "<frozen importlib._bootstrap_external>", line 1027, in exec_module
  File "<frozen importlib._bootstrap>", line 488, in _call_with_frames_removed
  File "C:\Users\Paul\hacksmith\ehr\backend\reports\urls.py", line 2, in <module>
    from .views import ReportsList
ImportError: cannot import name 'ReportsList' from 'reports.views' (C:\Users\Paul\hacksmith\ehr\backend\reports\views.py)
C:\Users\Paul\hacksmith\ehr\backend\reports\views.py changed, reloading.
Watching for file changes with StatReloader
C:\Users\Paul\hacksmith\ehr\backend\reports\urls.py changed, reloading.
Watching for file changes with StatReloader
C:\Users\Paul\hacksmith\ehr\backend\reports\views.py changed, reloading.
Watching for file changes with StatReloader
C:\Users\Paul\hacksmith\ehr\backend\reports\models.py changed, reloading.
Watching for file changes with StatReloader
C:\Users\Paul\hacksmith\ehr\backend\reports\models.py changed, reloading.
Watching for file changes with StatReloader
C:\Users\Paul\hacksmith\ehr\backend\reports\views.py changed, reloading.
Watching for file changes with StatReloader
[19/Nov/2025 00:44:37] "POST /api/auth/login/ HTTP/1.1" 200 196
[19/Nov/2025 01:11:00] "GET /api/patients/patients/ HTTP/1.1" 200 2
[19/Nov/2025 01:11:00] "GET /api/patients/patients/ HTTP/1.1" 200 2
[19/Nov/2025 01:11:14] "GET /api/patients/patients/ HTTP/1.1" 200 2
[19/Nov/2025 01:11:14] "GET /api/patients/patients/ HTTP/1.1" 200 2
C:\Users\Paul\hacksmith\ehr\backend\reports\models.py changed, reloading.
Watching for file changes with StatReloader
C:\Users\Paul\hacksmith\ehr\backend\reports\serializers.py changed, reloading.
Watching for file changes with StatReloader
C:\Users\Paul\hacksmith\ehr\backend\reports\views.py changed, reloading.
Watching for file changes with StatReloader
C:\Users\Paul\hacksmith\ehr\backend\reports\urls.py changed, reloading.
Watching for file changes with StatReloader
C:\Users\Paul\hacksmith\ehr\backend\ehr_project\settings.py changed, reloading.
Watching for file changes with StatReloader
C:\Users\Paul\hacksmith\ehr\backend\reports\urls.py changed, reloading.
Watching for file changes with StatReloader
C:\Users\Paul\hacksmith\ehr\backend\ehr_project\urls.py changed, reloading.
Watching for file changes with StatReloader
C:\Users\Paul\hacksmith\ehr\backend\ehr_project\urls.py changed, reloading.
Watching for file changes with StatReloader
Not Found: /favicon.ico
[19/Nov/2025 22:07:26] "GET /favicon.ico HTTP/1.1" 404 2692
[19/Nov/2025 22:20:25] "OPTIONS /api/reports/ HTTP/1.1" 200 0
[19/Nov/2025 22:20:25] "OPTIONS /api/reports/ HTTP/1.1" 200 0
Unauthorized: /api/reports/
[19/Nov/2025 22:20:26] "GET /api/reports/ HTTP/1.1" 401 27
Unauthorized: /api/reports/
[19/Nov/2025 22:20:26] "GET /api/reports/ HTTP/1.1" 401 27
Not Found: /main.d8b2e6de4844b9f6f3e6.hot-update.json
[19/Nov/2025 22:20:49] "GET /main.d8b2e6de4844b9f6f3e6.hot-update.json HTTP/1.1" 404 2782
Unauthorized: /api/reports/
[19/Nov/2025 22:20:50] "GET /api/reports/ HTTP/1.1" 401 27
Unauthorized: /api/reports/
[19/Nov/2025 22:20:50] "GET /api/reports/ HTTP/1.1" 401 27
Not Found: /main.4ad724864c6e3e62f026.hot-update.json
[19/Nov/2025 22:20:50] "GET /main.4ad724864c6e3e62f026.hot-update.json HTTP/1.1" 404 2782
Unauthorized: /api/reports/
[19/Nov/2025 22:20:51] "GET /api/reports/ HTTP/1.1" 401 27
Unauthorized: /api/reports/
[19/Nov/2025 22:20:51] "GET /api/reports/ HTTP/1.1" 401 27
Not Found: /main.4ad724864c6e3e62f026.hot-update.json
[19/Nov/2025 22:20:52] "GET /main.4ad724864c6e3e62f026.hot-update.json HTTP/1.1" 404 2782
Unauthorized: /api/reports/
[19/Nov/2025 22:20:53] "GET /api/reports/ HTTP/1.1" 401 27
Unauthorized: /api/reports/
[19/Nov/2025 22:20:53] "GET /api/reports/ HTTP/1.1" 401 27
Unauthorized: /api/reports/
[19/Nov/2025 22:21:03] "GET /api/reports/ HTTP/1.1" 401 27
Unauthorized: /api/reports/
[19/Nov/2025 22:21:03] "GET /api/reports/ HTTP/1.1" 401 27
[19/Nov/2025 22:21:04] "OPTIONS /api/patients/patients/ HTTP/1.1" 200 0
[19/Nov/2025 22:21:04] "OPTIONS /api/patients/patients/ HTTP/1.1" 200 0
Unauthorized: /api/patients/patients/
[19/Nov/2025 22:21:04] "GET /api/patients/patients/ HTTP/1.1" 401 27
Unauthorized: /api/patients/patients/
[19/Nov/2025 22:21:05] "GET /api/patients/patients/ HTTP/1.1" 401 27
Unauthorized: /api/patients/patients/
[19/Nov/2025 22:21:09] "GET /api/patients/patients/ HTTP/1.1" 401 27
Unauthorized: /api/patients/patients/
[19/Nov/2025 22:21:09] "GET /api/patients/patients/ HTTP/1.1" 401 27
Unauthorized: /api/reports/
[19/Nov/2025 22:21:10] "GET /api/reports/ HTTP/1.1" 401 27
Unauthorized: /api/reports/
[19/Nov/2025 22:21:10] "GET /api/reports/ HTTP/1.1" 401 27
Unauthorized: /api/reports/
[19/Nov/2025 22:23:38] "GET /api/reports/ HTTP/1.1" 401 27
Unauthorized: /api/reports/
[19/Nov/2025 22:23:38] "GET /api/reports/ HTTP/1.1" 401 27
Unauthorized: /api/reports/
[19/Nov/2025 22:23:38] "GET /api/reports/ HTTP/1.1" 401 27
Unauthorized: /api/reports/
[19/Nov/2025 22:23:38] "GET /api/reports/ HTTP/1.1" 401 27
Unauthorized: /api/reports/
[19/Nov/2025 22:23:38] "GET /api/reports/ HTTP/1.1" 401 27
Unauthorized: /api/reports/
[19/Nov/2025 22:23:38] "GET /api/reports/ HTTP/1.1" 401 27
Unauthorized: /api/reports/
[19/Nov/2025 22:23:38] "GET /api/reports/ HTTP/1.1" 401 27
Unauthorized: /api/reports/
[19/Nov/2025 22:23:38] "GET /api/reports/ HTTP/1.1" 401 27
Unauthorized: /api/reports/
[19/Nov/2025 22:28:53] "GET /api/reports/ HTTP/1.1" 401 27
Unauthorized: /api/reports/
[19/Nov/2025 22:28:53] "GET /api/reports/ HTTP/1.1" 401 27
Unauthorized: /api/reports/
[19/Nov/2025 22:28:53] "GET /api/reports/ HTTP/1.1" 401 27
Unauthorized: /api/reports/
[19/Nov/2025 22:28:53] "GET /api/reports/ HTTP/1.1" 401 27
Unauthorized: /api/reports/
[19/Nov/2025 22:28:53] "GET /api/reports/ HTTP/1.1" 401 27
Unauthorized: /api/reports/
[19/Nov/2025 22:28:53] "GET /api/reports/ HTTP/1.1" 401 27
Unauthorized: /api/reports/
[19/Nov/2025 22:28:53] "GET /api/reports/ HTTP/1.1" 401 27
Unauthorized: /api/reports/
[19/Nov/2025 22:28:53] "GET /api/reports/ HTTP/1.1" 401 27
Unauthorized: /api/reports/
[19/Nov/2025 22:36:40] "GET /api/reports/ HTTP/1.1" 401 27
Unauthorized: /api/reports/
[19/Nov/2025 22:36:40] "GET /api/reports/ HTTP/1.1" 401 27
Unauthorized: /api/reports/
[19/Nov/2025 22:36:40] "GET /api/reports/ HTTP/1.1" 401 27
Unauthorized: /api/reports/
[19/Nov/2025 22:36:40] "GET /api/reports/ HTTP/1.1" 401 27
Unauthorized: /api/reports/
[19/Nov/2025 22:36:40] "GET /api/reports/ HTTP/1.1" 401 27
Unauthorized: /api/reports/
[19/Nov/2025 22:36:40] "GET /api/reports/ HTTP/1.1" 401 27
Unauthorized: /api/reports/
[19/Nov/2025 22:36:40] "GET /api/reports/ HTTP/1.1" 401 27
Unauthorized: /api/reports/
[19/Nov/2025 22:36:40] "GET /api/reports/ HTTP/1.1" 401 27
Unauthorized: /api/reports/
[19/Nov/2025 22:47:34] "GET /api/reports/ HTTP/1.1" 401 27
Unauthorized: /api/reports/
[19/Nov/2025 22:47:34] "GET /api/reports/ HTTP/1.1" 401 27
Unauthorized: /api/reports/
[19/Nov/2025 22:47:34] "GET /api/reports/ HTTP/1.1" 401 27
Unauthorized: /api/reports/
[19/Nov/2025 22:47:34] "GET /api/reports/ HTTP/1.1" 401 27
Unauthorized: /api/reports/
[19/Nov/2025 22:47:34] "GET /api/reports/ HTTP/1.1" 401 27
Unauthorized: /api/reports/
[19/Nov/2025 22:47:34] "GET /api/reports/ HTTP/1.1" 401 27
Not Found: /main.acf4d962a75a335b4aad.hot-update.json
[19/Nov/2025 22:50:55] "GET /main.acf4d962a75a335b4aad.hot-update.json HTTP/1.1" 404 2782
Not Found: /main.acf4d962a75a335b4aad.hot-update.json
[19/Nov/2025 22:50:55] "GET /main.acf4d962a75a335b4aad.hot-update.json HTTP/1.1" 404 2782
Unauthorized: /api/reports/
[19/Nov/2025 22:50:56] "GET /api/reports/ HTTP/1.1" 401 27
Unauthorized: /api/reports/
[19/Nov/2025 22:50:56] "GET /api/reports/ HTTP/1.1" 401 27
Unauthorized: /api/reports/
[19/Nov/2025 22:50:57] "GET /api/reports/ HTTP/1.1" 401 27
Unauthorized: /api/reports/
[19/Nov/2025 22:50:57] "GET /api/reports/ HTTP/1.1" 401 27
Unauthorized: /api/reports/
[19/Nov/2025 22:51:06] "GET /api/reports/ HTTP/1.1" 401 27
Unauthorized: /api/reports/
[19/Nov/2025 22:51:06] "GET /api/reports/ HTTP/1.1" 401 27
Not Found: /main.acf4d962a75a335b4aad.hot-update.json
[19/Nov/2025 22:51:14] "GET /main.acf4d962a75a335b4aad.hot-update.json HTTP/1.1" 404 2782
Unauthorized: /api/reports/
[19/Nov/2025 22:51:14] "GET /api/reports/ HTTP/1.1" 401 27
Unauthorized: /api/reports/
[19/Nov/2025 22:51:14] "GET /api/reports/ HTTP/1.1" 401 27
Not Found: /main.acf4d962a75a335b4aad.hot-update.json
[19/Nov/2025 22:51:15] "GET /main.acf4d962a75a335b4aad.hot-update.json HTTP/1.1" 404 2782
Unauthorized: /api/patients/patients/
[19/Nov/2025 22:51:50] "GET /api/patients/patients/ HTTP/1.1" 401 27
Unauthorized: /api/patients/patients/
[19/Nov/2025 22:51:50] "GET /api/patients/patients/ HTTP/1.1" 401 27
[19/Nov/2025 22:51:53] "OPTIONS /api/appointments/ HTTP/1.1" 200 0
[19/Nov/2025 22:51:53] "OPTIONS /api/appointments/ HTTP/1.1" 200 0
Unauthorized: /api/appointments/
[19/Nov/2025 22:51:53] "GET /api/appointments/ HTTP/1.1" 401 27
Unauthorized: /api/appointments/
[19/Nov/2025 22:51:53] "GET /api/appointments/ HTTP/1.1" 401 27
Unauthorized: /api/appointments/
[19/Nov/2025 22:52:01] "GET /api/appointments/ HTTP/1.1" 401 27
Unauthorized: /api/appointments/
[19/Nov/2025 22:52:01] "GET /api/appointments/ HTTP/1.1" 401 27
Unauthorized: /api/reports/
[19/Nov/2025 23:10:42] "GET /api/reports/ HTTP/1.1" 401 27
Unauthorized: /api/reports/
[19/Nov/2025 23:10:42] "GET /api/reports/ HTTP/1.1" 401 27
Unauthorized: /api/appointments/
[19/Nov/2025 23:11:44] "GET /api/appointments/ HTTP/1.1" 401 27
Unauthorized: /api/appointments/
[19/Nov/2025 23:11:44] "GET /api/appointments/ HTTP/1.1" 401 27
Unauthorized: /api/appointments/
[19/Nov/2025 23:11:58] "GET /api/appointments/ HTTP/1.1" 401 27
Unauthorized: /api/appointments/
[19/Nov/2025 23:11:58] "GET /api/appointments/ HTTP/1.1" 401 27
Not Found: /main.84e30a5c460d4bd019c8.hot-update.json
[19/Nov/2025 23:16:51] "GET /main.84e30a5c460d4bd019c8.hot-update.json HTTP/1.1" 404 2782
[19/Nov/2025 23:18:24] "OPTIONS /api/auth/login/ HTTP/1.1" 200 0
[19/Nov/2025 23:18:27] "POST /api/auth/login/ HTTP/1.1" 200 196
[19/Nov/2025 23:18:28] "GET /api/reports/ HTTP/1.1" 200 2
[19/Nov/2025 23:18:28] "GET /api/reports/ HTTP/1.1" 200 2
[19/Nov/2025 23:25:07] "POST /api/auth/login/ HTTP/1.1" 200 196
[19/Nov/2025 23:25:07] "GET /api/reports/ HTTP/1.1" 200 2
[19/Nov/2025 23:25:07] "GET /api/reports/ HTTP/1.1" 200 2
[19/Nov/2025 23:29:39] "GET /api/reports/ HTTP/1.1" 200 2
[19/Nov/2025 23:29:39] "GET /api/reports/ HTTP/1.1" 200 2
[19/Nov/2025 23:29:39] "GET /api/reports/ HTTP/1.1" 200 2
[19/Nov/2025 23:29:39] "GET /api/reports/ HTTP/1.1" 200 2
[19/Nov/2025 23:29:39] "GET /api/reports/ HTTP/1.1" 200 2
[19/Nov/2025 23:29:39] "GET /api/reports/ HTTP/1.1" 200 2
[19/Nov/2025 23:34:44] "GET /api/patients/patients/ HTTP/1.1" 200 2
[19/Nov/2025 23:34:44] "GET /api/patients/patients/ HTTP/1.1" 200 2
[19/Nov/2025 23:34:53] "GET /api/reports/ HTTP/1.1" 200 2
[19/Nov/2025 23:34:53] "GET /api/reports/ HTTP/1.1" 200 2
[19/Nov/2025 23:35:14] "GET /api/appointments/ HTTP/1.1" 200 2
[19/Nov/2025 23:35:14] "GET /api/appointments/ HTTP/1.1" 200 2
[19/Nov/2025 23:35:21] "GET /api/reports/ HTTP/1.1" 200 2
[19/Nov/2025 23:35:21] "GET /api/reports/ HTTP/1.1" 200 2
[19/Nov/2025 23:35:35] "GET /api/appointments/ HTTP/1.1" 200 2
[19/Nov/2025 23:35:35] "GET /api/appointments/ HTTP/1.1" 200 2
[19/Nov/2025 23:35:39] "OPTIONS /api/patients/patients/search/ HTTP/1.1" 200 0
[19/Nov/2025 23:35:39] "OPTIONS /api/patients/patients/search/ HTTP/1.1" 200 0
Not Found: /api/patients/patients/search/
[19/Nov/2025 23:35:39] "GET /api/patients/patients/search/ HTTP/1.1" 404 23
Not Found: /api/patients/patients/search/
[19/Nov/2025 23:35:39] "GET /api/patients/patients/search/ HTTP/1.1" 404 23
Not Found: /api/patients/patients/search/
[19/Nov/2025 23:35:47] "GET /api/patients/patients/search/ HTTP/1.1" 404 23
Not Found: /api/patients/patients/search/
[19/Nov/2025 23:35:47] "GET /api/patients/patients/search/ HTTP/1.1" 404 23
Not Found: /api/patients/patients/search/
[19/Nov/2025 23:35:49] "GET /api/patients/patients/search/ HTTP/1.1" 404 23
Not Found: /api/patients/patientsC:\Users\Paul\hacksmith\ehr\backend\reports\views.py changed, reloading.
Watching for file changes with StatReloader
C:\Users\Paul\hacksmith\ehr\backend\reports\views.py changed, reloading.
Watching for file changes with StatReloader
C:\Users\Paul\hacksmith\ehr\backend\reports\models.py changed, reloading.
Watching for file changes with StatReloader
Exception in thread django-main-thread:
Traceback (most recent call last):
  File "C:\Program Files\WindowsApps\PythonSoftwareFoundation.Python.3.13_3.13.2544.0_x64__qbz5n2kfra8p0\Lib\threading.py", line 1043, in _bootstrap_inner
    self.run()
    ~~~~~~~~^^
  File "C:\Program Files\WindowsApps\PythonSoftwareFoundation.Python.3.13_3.13.2544.0_x64__qbz5n2kfra8p0\Lib\threading.py", line 994, in run
    self._target(*self._args, **self._kwargs)
    ~~~~~~~~~~~~^^^^^^^^^^^^^^^^^^^^^^^^^^^^^
  File "C:\Users\Paul\AppData\Local\Packages\PythonSoftwareFoundation.Python.3.13_qbz5n2kfra8p0\LocalCache\local-packages\Python313\site-packages\django\utils\autoreload.py", line 64, in wrapper
    fn(*args, **kwargs)
    ~~^^^^^^^^^^^^^^^^^
  File "C:\Users\Paul\AppData\Local\Packages\PythonSoftwareFoundation.Python.3.13_qbz5n2kfra8p0\LocalCache\local-packages\Python313\site-packages\django\core\management\commands\runserver.py", line 133, in inner_run
    self.check(display_num_errors=True)
    ~~~~~~~~~~^^^^^^^^^^^^^^^^^^^^^^^^^
  File "C:\Users\Paul\AppData\Local\Packages\PythonSoftwareFoundation.Python.3.13_qbz5n2kfra8p0\LocalCache\local-packages\Python313\site-packages\django\core\management\base.py", line 556, in check
    raise SystemCheckError(msg)
django.core.management.base.SystemCheckError: SystemCheckError: System check identified some issues:

ERRORS:
reports.Prescription.created_by: (fields.E301) Field defines a relation with the model 'auth.User', which has been swapped out.
	HINT: Update the relation to point at 'settings.AUTH_USER_MODEL'.

System check identified 1 issue (0 silenced).
C:\Users\Paul\hacksmith\ehr\backend\reports\models.py changed, reloading.
Watching for file changes with StatReloader
Exception in thread django-main-thread:
Traceback (most recent call last):
  File "C:\Program Files\WindowsApps\PythonSoftwareFoundation.Python.3.13_3.13.2544.0_x64__qbz5n2kfra8p0\Lib\threading.py", line 1043, in _bootstrap_inner
    self.run()
    ~~~~~~~~^^
  File "C:\Program Files\WindowsApps\PythonSoftwareFoundation.Python.3.13_3.13.2544.0_x64__qbz5n2kfra8p0\Lib\threading.py", line 994, in run
    self._target(*self._args, **self._kwargs)
    ~~~~~~~~~~~~^^^^^^^^^^^^^^^^^^^^^^^^^^^^^
  File "C:\Users\Paul\AppData\Local\Packages\PythonSoftwareFoundation.Python.3.13_qbz5n2kfra8p0\LocalCache\local-packages\Python313\site-packages\django\utils\autoreload.py", line 64, in wrapper
    fn(*args, **kwargs)
    ~~^^^^^^^^^^^^^^^^^
  File "C:\Users\Paul\AppData\Local\Packages\PythonSoftwareFoundation.Python.3.13_qbz5n2kfra8p0\LocalCache\local-packages\Python313\site-packages\django\core\management\commands\runserver.py", line 133, in inner_run
    self.check(display_num_errors=True)
    ~~~~~~~~~~^^^^^^^^^^^^^^^^^^^^^^^^^
  File "C:\Users\Paul\AppData\Local\Packages\PythonSoftwareFoundation.Python.3.13_qbz5n2kfra8p0\LocalCache\local-packages\Python313\site-packages\django\core\management\base.py", line 556, in check
    raise SystemCheckError(msg)
django.core.management.base.SystemCheckError: SystemCheckError: System check identified some issues:

ERRORS:
reports.Prescription.created_by: (fields.E301) Field defines a relation with the model 'auth.User', which has been swapped out.
	HINT: Update the relation to point at 'settings.AUTH_USER_MODEL'.

System check identified 1 issue (0 silenced).

[20/Nov/2025 00:16:26] "GET /api/reports/ HTTP/1.1" 200 2
[20/Nov/2025 00:16:26] "GET /api/reports/ HTTP/1.1" 200 2
[20/Nov/2025 00:16:26] "GET /api/reports/ HTTP/1.1" 200 2
[20/Nov/2025 00:16:26] "GET /api/reports/ HTTP/1.1" 200 2
[20/Nov/2025 00:16:26] "GET /api/reports/ HTTP/1.1" 200 2
[20/Nov/2025 00:16:26] "GET /api/reports/ HTTP/1.1" 200 2
[20/Nov/2025 00:17:51] "GET /api/reports/ HTTP/1.1" 200 2
[20/Nov/2025 00:17:51] "GET /api/reports/ HTTP/1.1" 200 2
[20/Nov/2025 00:17:51] "GET /api/reports/ HTTP/1.1" 200 2
[20/Nov/2025 00:17:51] "GET /api/reports/ HTTP/1.1" 200 2
[20/Nov/2025 00:17:51] "GET /api/reports/ HTTP/1.1" 200 2
[20/Nov/2025 00:17:51] "GET /api/reports/ HTTP/1.1" 200 2
[20/Nov/2025 00:18:03] "GET /api/appointments/ HTTP/1.1" 200 2
[20/Nov/2025 00:18:03] "GET /api/appointments/ HTTP/1.1" 200 2
[20/Nov/2025 00:20:19] "GET /api/reports/ HTTP/1.1" 200 2
[20/Nov/2025 00:20:19] "GET /api/appointments/ HTTP/1.1" 200 2
[20/Nov/2025 00:20:19] "GET /api/reports/ HTTP/1.1" 200 2
[20/Nov/2025 00:20:19] "GET /api/appointments/ HTTP/1.1" 200 2
[20/Nov/2025 00:20:19] "GET /api/reports/ HTTP/1.1" 200 2
[20/Nov/2025 00:20:19] "GET /api/reports/ HTTP/1.1" 200 2
[20/Nov/2025 00:21:47] "OPTIONS /api/reports/ HTTP/1.1" 200 0
[20/Nov/2025 00:21:47] "OPTIONS /api/reports/ HTTP/1.1" 200 0
[20/Nov/2025 00:21:47] "GET /api/reports/ HTTP/1.1" 200 2
[20/Nov/2025 00:21:47] "GET /api/reports/ HTTP/1.1" 200 2
[20/Nov/2025 00:26:16] "GET /api/reports/ HTTP/1.1" 200 2
[20/Nov/2025 00:26:16] "GET /api/reports/ HTTP/1.1" 200 2
[20/Nov/2025 00:26:38] "POST /api/auth/login/ HTTP/1.1" 200 196
[20/Nov/2025 00:26:38] "GET /api/reports/ HTTP/1.1" 200 2
[20/Nov/2025 00:26:39] "GET /api/reports/ HTTP/1.1" 200 2
[20/Nov/2025 00:26:56] "OPTIONS /api/patients/patients/ HTTP/1.1" 200 0
[20/Nov/2025 00:26:56] "OPTIONS /api/patients/patients/ HTTP/1.1" 200 0
[20/Nov/2025 00:26:56] "GET /api/patients/patients/ HTTP/1.1" 200 2
[20/Nov/2025 00:26:56] "GET /api/patients/patients/ HTTP/1.1" 200 2
[20/Nov/2025 00:27:08] "GET /api/reports/ HTTP/1.1" 200 2
[20/Nov/2025 00:27:08] "GET /api/reports/ HTTP/1.1" 200 2
[20/Nov/2025 00:43:47] "GET /api/reports/ HTTP/1.1" 200 2
[20/Nov/2025 00:43:47] "GET /api/reports/ HTTP/1.1" 200 2
C:\Users\Paul\hacksmith\ehr\backend\reports\views.py changed, reloading.
Watching for file changes with StatReloader
[20/Nov/2025 00:46:22] "GET /api/reports/ HTTP/1.1" 200 2
[20/Nov/2025 00:46:22] "GET /api/reports/ HTTP/1.1" 200 2
[20/Nov/2025 00:46:27] "GET /api/appointments/ HTTP/1.1" 200 2
[20/Nov/2025 00:46:27] "GET /api/appointments/ HTTP/1.1" 200 2
C:\Users\Paul\hacksmith\ehr\backend\reports\views.py changed, reloading.
Watching for file changes with StatReloader
[20/Nov/2025 00:50:53] "GET /api/appointments/ HTTP/1.1" 200 2
[20/Nov/2025 00:50:53] "GET /api/appointments/ HTTP/1.1" 200 2
[20/Nov/2025 00:51:01] "GET /api/appointments/ HTTP/1.1" 200 2
[20/Nov/2025 00:51:01] "GET /api/appointments/ HTTP/1.1" 200 2
[20/Nov/2025 00:58:04] "GET /api/patients/patients/ HTTP/1.1" 200 2
[20/Nov/2025 00:58:04] "GET /api/reports/ HTTP/1.1" 200 2
[20/Nov/2025 00:58:04] "GET /api/patients/patients/ HTTP/1.1" 200 2
[20/Nov/2025 00:58:04] "GET /api/reports/ HTTP/1.1" 200 2
[20/Nov/2025 00:58:28] "GET /api/patients/patients/ HTTP/1.1" 200 2
[20/Nov/2025 00:58:28] "GET /api/reports/ HTTP/1.1" 200 2
[20/Nov/2025 00:58:28] "GET /api/patients/patients/ HTTP/1.1" 200 2
[20/Nov/2025 00:58:28] "GET /api/reports/ HTTP/1.1" 200 2
C:\Users\Paul\hacksmith\ehr\backend\reports\models.py changed, reloading.
Watching for file changes with StatReloader
Exception in thread django-main-thread:
Traceback (most recent call last):
  File "C:\Program Files\WindowsApps\PythonSoftwareFoundation.Python.3.13_3.13.2544.0_x64__qbz5n2kfra8p0\Lib\threading.py", line 1043, in _bootstrap_inner
    self.run()
    ~~~~~~~~^^
  File "C:\Program Files\WindowsApps\PythonSoftwareFoundation.Python.3.13_3.13.2544.0_x64__qbz5n2kfra8p0\Lib\threading.py", line 994, in run
    self._target(*self._args, **self._kwargs)
    ~~~~~~~~~~~~^^^^^^^^^^^^^^^^^^^^^^^^^^^^^
  File "C:\Users\Paul\AppData\Local\Packages\PythonSoftwareFoundation.Python.3.13_qbz5n2kfra8p0\LocalCache\local-packages\Python313\site-packages\django\utils\autoreload.py", line 64, in wrapper
    fn(*args, **kwargs)
    ~~^^^^^^^^^^^^^^^^^
  File "C:\Users\Paul\AppData\Local\Packages\PythonSoftwareFoundation.Python.3.13_qbz5n2kfra8p0\LocalCache\local-packages\Python313\site-packages\django\core\management\commands\runserver.py", line 133, in inner_run
    self.check(display_num_errors=True)
    ~~~~~~~~~~^^^^^^^^^^^^^^^^^^^^^^^^^
  File "C:\Users\Paul\AppData\Local\Packages\PythonSoftwareFoundation.Python.3.13_qbz5n2kfra8p0\LocalCache\local-packages\Python313\site-packages\django\core\management\base.py", line 556, in check
    raise SystemCheckError(msg)
django.core.management.base.SystemCheckError: SystemCheckError: System check identified some issues:

ERRORS:
reports.Prescription.created_by: (fields.E301) Field defines a relation with the model 'auth.User', which has been swapped out.
	HINT: Update the relation to point at 'settings.AUTH_USER_MODEL'.

System check identified 1 issue (0 silenced).
C:\Users\Paul\hacksmith\ehr\backend\reports\models.py changed, reloading.
Watching for file changes with StatReloader
Exception in thread django-main-thread:
Traceback (most recent call last):
  File "C:\Program Files\WindowsApps\PythonSoftwareFoundation.Python.3.13_3.13.2544.0_x64__qbz5n2kfra8p0\Lib\threading.py", line 1043, in _bootstrap_inner
    self.run()
    ~~~~~~~~^^
  File "C:\Program Files\WindowsApps\PythonSoftwareFoundation.Python.3.13_3.13.2544.0_x64__qbz5n2kfra8p0\Lib\threading.py", line 994, in run
    self._target(*self._args, **self._kwargs)
    ~~~~~~~~~~~~^^^^^^^^^^^^^^^^^^^^^^^^^^^^^
  File "C:\Users\Paul\AppData\Local\Packages\PythonSoftwareFoundation.Python.3.13_qbz5n2kfra8p0\LocalCache\local-packages\Python313\site-packages\django\utils\autoreload.py", line 64, in wrapper
    fn(*args, **kwargs)
    ~~^^^^^^^^^^^^^^^^^
  File "C:\Users\Paul\AppData\Local\Packages\PythonSoftwareFoundation.Python.3.13_qbz5n2kfra8p0\LocalCache\local-packages\Python313\site-packages\django\core\management\commands\runserver.py", line 133, in inner_run
    self.check(display_num_errors=True)
    ~~~~~~~~~~^^^^^^^^^^^^^^^^^^^^^^^^^
  File "C:\Users\Paul\AppData\Local\Packages\PythonSoftwareFoundation.Python.3.13_qbz5n2kfra8p0\LocalCache\local-packages\Python313\site-packages\django\core\management\base.py", line 556, in check
    raise SystemCheckError(msg)
django.core.management.base.SystemCheckError: SystemCheckError: System check identified some issues:

ERRORS:
reports.Prescription.created_by: (fields.E301) Field defines a relation with the model 'auth.User', which has been swapped out.
	HINT: Update the relation to point at 'settings.AUTH_USER_MODEL'.

System check identified 1 issue (0 silenced).
