Performing system checks...

System check identified no issues (0 silenced).
November 18, 2025 - 21:52:02
Django version 4.2.7, using settings 'ehr_project.settings'
Starting development server at http://127.0.0.1:8000/
Quit the server with CTRL-BREAK.

Performing system checks...

System check identified no issues (0 silenced).
November 18, 2025 - 22:43:33
Django version 4.2.7, using settings 'ehr_project.settings'
Starting development server at http://127.0.0.1:8000/
Quit the server with CTRL-BREAK.

Performing system checks...

System check identified no issues (0 silenced).
November 18, 2025 - 23:18:35
Django version 4.2.7, using settings 'ehr_project.settings'
Starting development server at http://127.0.0.1:8000/
Quit the server with CTRL-BREAK.

Performing system checks...

System check identified no issues (0 silenced).
November 18, 2025 - 23:18:48
Django version 4.2.7, using settings 'ehr_project.settings'
Starting development server at http://127.0.0.1:8000/
Quit the server with CTRL-BREAK.

Performing system checks...

System check identified no issues (0 silenced).
November 18, 2025 - 23:19:04
Django version 4.2.7, using settings 'ehr_project.settings'
Starting development server at http://127.0.0.1:8000/
Quit the server with CTRL-BREAK.

Performing system checks...

Performing system checks...

Performing system checks...

System check identified no issues (0 silenced).
November 18, 2025 - 23:20:34
Django version 4.2.7, using settings 'ehr_project.settings'
Starting development server at http://127.0.0.1:8000/
Quit the server with CTRL-BREAK.

Performing system checks...

System check identified no issues (0 silenced).

You have 1 unapplied migration(s). Your project may not work properly until you apply the migrations for app(s): patients.
Run 'python manage.py migrate' to apply them.
November 18, 2025 - 23:20:53
Django version 4.2.7, using settings 'ehr_project.settings'
Starting development server at http://127.0.0.1:8000/
Quit the server with CTRL-BREAK.

Performing system checks...

System check identified no issues (0 silenced).
November 18, 2025 - 23:53:17
Django version 4.2.7, using settings 'ehr_project.settings'
Starting development server at http://127.0.0.1:8000/
Quit the server with CTRL-BREAK.

Performing system checks...

System check identified no issues (0 silenced).
November 18, 2025 - 23:53:54
Django version 4.2.7, using settings 'ehr_project.settings'
Starting development server at http://127.0.0.1:8000/
Quit the server with CTRL-BREAK.

Performing system checks...

System check identified no issues (0 silenced).
November 19, 2025 - 00:22:37
Django version 4.2.7, using settings 'ehr_project.settings'
Starting development server at http://127.0.0.1:8000/
Quit the server with CTRL-BREAK.

Performing system checks...

System check identified no issues (0 silenced).
November 19, 2025 - 00:22:44
Django version 4.2.7, using settings 'ehr_project.settings'
Starting development server at http://127.0.0.1:8000/
Quit the server with CTRL-BREAK.

Performing system checks...

Performing system checks...

System check identified no issues (0 silenced).
November 19, 2025 - 00:23:11
Django version 4.2.7, using settings 'ehr_project.settings'
Starting development server at http://127.0.0.1:8000/
Quit the server with CTRL-BREAK.

Performing system checks...

System check identified no issues (0 silenced).
November 19, 2025 - 00:23:17
Django version 4.2.7, using settings 'ehr_project.settings'
Starting development server at http://127.0.0.1:8000/
Quit the server with CTRL-BREAK.

Performing system checks...

System check identified no issues (0 silenced).
November 19, 2025 - 00:26:02
Django version 4.2.7, using settings 'ehr_project.settings'
Starting development server at http://127.0.0.1:8000/
Quit the server with CTRL-BREAK.

Performing system checks...

System check identified no issues (0 silenced).
November 19, 2025 - 00:32:42
Django version 4.2.7, using settings 'ehr_project.settings'
Starting development server at http://127.0.0.1:8000/
Quit the server with CTRL-BREAK.

Performing system checks...

System check identified no issues (0 silenced).
November 19, 2025 - 00:32:52
Django version 4.2.7, using settings 'ehr_project.settings'
Starting development server at http://127.0.0.1:8000/
Quit the server with CTRL-BREAK.

.7, using settings 'ehr_project.settings'
Starting development server at http://127.0.0.1:8000/
Quit the server with CTRL-BREAK.

Performing system checks...

System check identified no issues (0 silenced).
November 19, 2025 - 00:23:17
Django version 4.2.7, using settings 'ehr_project.settings'
Starting development server at http://127.0.0.1:8000/
Quit the server with CTRL-BREAK.

Performing system checks...

System check identified no issues (0 silenced).
November 19, 2025 - 00:26:02
Django version 4.2.7, using settings 'ehr_project.settings'
Starting development server at http://127.0.0.1:8000/
Quit the server with CTRL-BREAK.

Performing system checks...

System check identified no issues (0 silenced).
November 19, 2025 - 00:32:42
Django version 4.2.7, using settings 'ehr_project.settings'
Starting development server at http://127.0.0.1:8000/
Quit the server with CTRL-BREAK.

Performing system checks...

System check identified no issues (0 silenced).
November 19, 2025 - 00:32:52
Django version 4.2.7, using settings 'ehr_project.settings'
Starting development server at http://127.0.0.1:8000/
Quit the server with CTRL-BREAK.

