INFO 2026-03-24 11:37:10,131 autoreload 14456 14240 Watching for file changes with StatReloader
INFO 2026-03-24 11:37:30,771 basehttp 14456 12992 "GET /admin HTTP/1.1" 301 0
INFO 2026-03-24 11:37:30,928 basehttp 14456 15848 "GET /admin/ HTTP/1.1" 302 0
INFO 2026-03-24 11:37:32,609 basehttp 14456 15848 "GET /admin/login/?next=/admin/ HTTP/1.1" 200 4181
INFO 2026-03-24 11:37:33,573 basehttp 14456 15848 "GET /static/admin/css/base.css HTTP/1.1" 200 21207
INFO 2026-03-24 11:37:33,584 basehttp 14456 5444 "GET /static/admin/css/dark_mode.css HTTP/1.1" 200 2929
INFO 2026-03-24 11:37:34,088 basehttp 14456 1348 "GET /static/admin/css/nav_sidebar.css HTTP/1.1" 200 2694
INFO 2026-03-24 11:37:34,220 basehttp 14456 16584 "GET /static/admin/css/login.css HTTP/1.1" 200 958
INFO 2026-03-24 11:37:34,316 basehttp 14456 13536 "GET /static/admin/css/responsive.css HTTP/1.1" 200 18533
INFO 2026-03-24 11:37:35,052 basehttp 14456 1348 "GET /static/admin/js/theme.js HTTP/1.1" 200 1943
INFO 2026-03-24 11:37:35,147 basehttp 14456 5444 "GET /static/admin/js/nav_sidebar.js HTTP/1.1" 200 3063
WARNING 2026-03-24 11:37:35,219 basehttp 14456 5444 "GET /favicon.ico HTTP/1.1" 404 3040
INFO 2026-03-24 11:37:53,094 basehttp 14456 5444 "POST /admin/login/?next=/admin/ HTTP/1.1" 302 0
INFO 2026-03-24 11:37:53,254 basehttp 14456 5444 "GET /admin/ HTTP/1.1" 200 9875
INFO 2026-03-24 11:37:53,298 basehttp 14456 5444 "GET /static/admin/css/dashboard.css HTTP/1.1" 200 441
INFO 2026-03-24 11:37:53,368 basehttp 14456 5444 "GET /static/admin/img/icon-addlink.svg HTTP/1.1" 200 331
INFO 2026-03-24 11:37:53,387 basehttp 14456 1348 "GET /static/admin/img/icon-changelink.svg HTTP/1.1" 200 380
WARNING 2026-03-24 11:41:23,716 basehttp 14456 6100 "GET /favicon.ico HTTP/1.1" 404 3040
INFO 2026-03-24 11:53:51,809 autoreload 16516 13624 Watching for file changes with StatReloader
INFO 2026-03-24 12:00:50,294 basehttp 16516 17308 "OPTIONS /api/patients/ HTTP/1.1" 200 0
INFO 2026-03-24 12:00:50,295 basehttp 16516 12720 "OPTIONS /api/patients/ HTTP/1.1" 200 0
INFO 2026-03-24 12:00:50,331 basehttp 16516 12720 "GET /api/patients/ HTTP/1.1" 200 474
INFO 2026-03-24 12:00:50,336 basehttp 16516 12720 "GET /api/patients/ HTTP/1.1" 200 474
INFO 2026-03-24 12:01:03,969 basehttp 16516 12720 "GET /api/patients/ HTTP/1.1" 200 474
INFO 2026-03-24 12:01:19,336 basehttp 16516 12720 "OPTIONS /api/auth/login/ HTTP/1.1" 200 0
INFO 2026-03-24 12:01:23,649 basehttp 16516 12720 "POST /api/auth/login/ HTTP/1.1" 200 397
INFO 2026-03-24 12:01:24,021 basehttp 16516 17308 "OPTIONS /api/reports/ HTTP/1.1" 200 0
INFO 2026-03-24 12:01:24,021 basehttp 16516 12720 "OPTIONS /api/reports/ HTTP/1.1" 200 0
INFO 2026-03-24 12:01:24,089 basehttp 16516 12720 "GET /api/reports/ HTTP/1.1" 200 52
INFO 2026-03-24 12:01:24,106 basehttp 16516 12720 "GET /api/reports/ HTTP/1.1" 200 52
INFO 2026-03-24 12:01:30,153 basehttp 16516 12720 "OPTIONS /api/patients/patients/ HTTP/1.1" 200 0
INFO 2026-03-24 12:01:30,154 basehttp 16516 17308 "OPTIONS /api/patients/patients/ HTTP/1.1" 200 0
INFO 2026-03-24 12:01:30,184 basehttp 16516 17308 "GET /api/patients/patients/ HTTP/1.1" 200 52
INFO 2026-03-24 12:01:30,203 basehttp 16516 17308 "GET /api/patients/patients/ HTTP/1.1" 200 52
INFO 2026-03-24 12:01:51,513 basehttp 16516 17308 "GET /api/patients/ HTTP/1.1" 200 474
INFO 2026-03-24 12:01:51,527 basehttp 16516 17308 "GET /api/patients/ HTTP/1.1" 200 474
INFO 2026-03-24 12:01:53,092 basehttp 16516 17308 "GET /api/reports/ HTTP/1.1" 200 52
INFO 2026-03-24 12:01:53,110 basehttp 16516 17308 "GET /api/reports/ HTTP/1.1" 200 52
INFO 2026-03-24 12:02:25,776 basehttp 16516 17308 "OPTIONS /api/accounts/notification-settings/ HTTP/1.1" 200 0
WARNING 2026-03-24 12:02:25,841 basehttp 16516 17308 "GET /api/accounts/notification-settings/ HTTP/1.1" 404 3112
INFO 2026-03-24 12:02:25,904 basehttp 16516 12720 "OPTIONS /api/accounts/privacy-settings/ HTTP/1.1" 200 0
WARNING 2026-03-24 12:02:25,916 basehttp 16516 17308 "GET /api/accounts/notification-settings/ HTTP/1.1" 404 3112
WARNING 2026-03-24 12:02:25,953 basehttp 16516 12720 "GET /api/accounts/privacy-settings/ HTTP/1.1" 404 3097
WARNING 2026-03-24 12:02:25,977 basehttp 16516 12720 "GET /api/accounts/privacy-settings/ HTTP/1.1" 404 3097
INFO 2026-03-24 12:03:31,302 basehttp 16516 12720 "GET /api/patients/ HTTP/1.1" 200 474
INFO 2026-03-24 12:05:38,634 basehttp 16516 12720 "GET /api/patients/ HTTP/1.1" 200 474
INFO 2026-03-24 12:05:49,815 basehttp 16516 12720 "GET /api/patients/patients/ HTTP/1.1" 200 52
INFO 2026-03-24 12:05:49,843 basehttp 16516 12720 "GET /api/patients/patients/ HTTP/1.1" 200 52
INFO 2026-03-24 12:08:55,080 basehttp 16516 12720 "GET /api/patients/ HTTP/1.1" 200 474
INFO 2026-03-24 12:08:55,092 basehttp 16516 12720 "GET /api/patients/ HTTP/1.1" 200 474
INFO 2026-03-24 12:08:56,618 basehttp 16516 12720 "GET /api/patients/patients/ HTTP/1.1" 200 52
INFO 2026-03-24 12:08:56,641 basehttp 16516 12720 "GET /api/patients/patients/ HTTP/1.1" 200 52
INFO 2026-03-24 12:09:04,147 basehttp 16516 12720 "OPTIONS /api/appointments_app/appointments/? HTTP/1.1" 200 0
INFO 2026-03-24 12:09:04,155 basehttp 16516 12720 "OPTIONS /api/appointments_app/appointments/? HTTP/1.1" 200 0
INFO 2026-03-24 12:09:04,200 basehttp 16516 12720 "GET /api/appointments_app/appointments/? HTTP/1.1" 200 52
INFO 2026-03-24 12:09:04,231 basehttp 16516 12720 "GET /api/appointments_app/appointments/? HTTP/1.1" 200 52
INFO 2026-03-24 12:10:05,119 basehttp 16516 12720 "GET /api/patients/ HTTP/1.1" 200 474
INFO 2026-03-24 12:10:05,130 basehttp 16516 12720 "GET /api/patients/ HTTP/1.1" 200 474
INFO 2026-03-24 12:10:06,748 basehttp 16516 12720 "GET /api/patients/patients/ HTTP/1.1" 200 52
INFO 2026-03-24 12:10:06,776 basehttp 16516 12720 "GET /api/patients/patients/ HTTP/1.1" 200 52
INFO 2026-03-24 12:10:57,361 basehttp 16516 12720 "GET /api/patients/ HTTP/1.1" 200 474
INFO 2026-03-24 12:12:31,255 basehttp 16516 15884 "GET /api/patients/ HTTP/1.1" 200 474
INFO 2026-03-24 12:12:33,600 basehttp 16516 15884 "GET /api/appointments_app/appointments/? HTTP/1.1" 200 52
INFO 2026-03-24 12:12:33,622 basehttp 16516 15884 "GET /api/appointments_app/appointments/? HTTP/1.1" 200 52
INFO 2026-03-24 12:12:54,371 basehttp 16516 15884 "GET /api/patients/patients/ HTTP/1.1" 200 52
INFO 2026-03-24 12:12:54,383 basehttp 16516 15884 "GET /api/patients/patients/ HTTP/1.1" 200 52
INFO 2026-03-24 12:17:06,256 basehttp 16516 15884 "GET /api/patients/ HTTP/1.1" 200 474
INFO 2026-03-24 12:17:10,919 basehttp 16516 15884 "GET /api/patients/patients/ HTTP/1.1" 200 52
INFO 2026-03-24 12:17:10,934 basehttp 16516 15884 "GET /api/patients/patients/ HTTP/1.1" 200 52
INFO 2026-03-24 13:03:58,810 autoreload 15256 16932 Watching for file changes with StatReloader
INFO 2026-03-24 13:04:28,069 basehttp 15256 14680 "GET /api/patients/ HTTP/1.1" 200 474
INFO 2026-03-24 13:04:42,589 basehttp 15256 14680 "GET /api/patients/ HTTP/1.1" 200 474
INFO 2026-03-24 13:04:42,597 basehttp 15256 14680 "GET /api/patients/ HTTP/1.1" 200 474
INFO 2026-03-24 13:05:03,978 basehttp 15256 14680 "POST /api/auth/login/ HTTP/1.1" 200 306
INFO 2026-03-24 13:05:04,254 basehttp 15256 14680 "GET /api/reports/ HTTP/1.1" 200 52
INFO 2026-03-24 13:05:04,272 basehttp 15256 14680 "GET /api/reports/ HTTP/1.1" 200 52
INFO 2026-03-24 13:11:07,547 autoreload 17248 12096 Watching for file changes with StatReloader
INFO 2026-03-24 13:11:13,631 basehttp 17248 13448 "GET /api/patients/ HTTP/1.1" 200 474
INFO 2026-03-24 13:11:17,524 basehttp 17248 13448 "GET /api/patients/ HTTP/1.1" 200 474
INFO 2026-03-24 13:11:17,532 basehttp 17248 13448 "GET /api/patients/ HTTP/1.1" 200 474
INFO 2026-03-24 13:11:46,069 basehttp 17248 13448 "GET /api/patients/ HTTP/1.1" 200 474
INFO 2026-03-24 13:11:46,080 basehttp 17248 13448 "GET /api/patients/ HTTP/1.1" 200 474
INFO 2026-03-24 13:12:03,136 basehttp 17248 13448 "POST /api/auth/login/ HTTP/1.1" 200 311
INFO 2026-03-24 13:12:03,224 basehttp 17248 13448 "GET /api/reports/ HTTP/1.1" 200 52
INFO 2026-03-24 13:12:03,243 basehttp 17248 13448 "GET /api/reports/ HTTP/1.1" 200 52
INFO 2026-03-24 13:12:41,349 basehttp 17248 13448 "GET /api/patients/patients/ HTTP/1.1" 200 52
INFO 2026-03-24 13:12:41,374 basehttp 17248 13448 "GET /api/patients/patients/ HTTP/1.1" 200 52
INFO 2026-03-24 13:13:01,759 basehttp 17248 15444 "GET /api/patients/ HTTP/1.1" 200 474
INFO 2026-03-24 13:13:40,524 basehttp 17248 15444 "GET /api/patients/ HTTP/1.1" 200 474
INFO 2026-03-24 13:15:32,580 autoreload 17248 12096 C:\Users\Paul\hacksmith\ehr\backend\authentication\models.py changed, reloading.
INFO 2026-03-24 13:15:34,120 autoreload 14680 17308 Watching for file changes with StatReloader
INFO 2026-03-24 13:26:31,132 autoreload 11748 17008 Watching for file changes with StatReloader
INFO 2026-03-24 13:26:37,131 basehttp 11748 13700 "GET /api/patients/ HTTP/1.1" 200 474
INFO 2026-03-24 13:26:44,380 basehttp 11748 13700 "GET /api/patients/ HTTP/1.1" 200 474
INFO 2026-03-24 13:26:44,398 basehttp 11748 13700 "GET /api/patients/ HTTP/1.1" 200 474
INFO 2026-03-24 13:34:02,428 basehttp 11748 16224 "GET /api/patients/ HTTP/1.1" 200 474
INFO 2026-03-24 13:36:00,575 basehttp 11748 16224 "GET /api/patients/ HTTP/1.1" 200 474
INFO 2026-03-24 13:36:00,582 basehttp 11748 16224 "GET /api/patients/ HTTP/1.1" 200 474
INFO 2026-03-24 13:36:03,376 basehttp 11748 16224 "GET /api/reports/ HTTP/1.1" 200 52
INFO 2026-03-24 13:36:03,393 basehttp 11748 16224 "GET /api/reports/ HTTP/1.1" 200 52
INFO 2026-03-24 13:40:26,109 basehttp 11748 16224 "GET /api/patients/ HTTP/1.1" 200 474
INFO 2026-03-24 13:40:31,960 basehttp 11748 16224 "GET /api/reports/ HTTP/1.1" 200 52
INFO 2026-03-24 13:40:31,974 basehttp 11748 16224 "GET /api/reports/ HTTP/1.1" 200 52
INFO 2026-03-24 13:41:49,565 basehttp 11748 16224 "GET /api/patients/ HTTP/1.1" 200 474
INFO 2026-03-24 13:43:40,052 basehttp 11748 14768 "GET /api/patients/ HTTP/1.1" 200 474
INFO 2026-03-24 13:43:43,716 basehttp 11748 14768 "GET /api/patients/ HTTP/1.1" 200 474
INFO 2026-03-24 13:43:43,730 basehttp 11748 14768 "GET /api/patients/ HTTP/1.1" 200 474
INFO 2026-03-24 13:43:45,368 basehttp 11748 14768 "GET /api/reports/ HTTP/1.1" 200 52
INFO 2026-03-24 13:43:45,397 basehttp 11748 14768 "GET /api/reports/ HTTP/1.1" 200 52
INFO 2026-03-24 13:43:51,368 basehttp 11748 14768 "GET /api/patients/ HTTP/1.1" 200 474
INFO 2026-03-24 13:43:51,393 basehttp 11748 14768 "GET /api/patients/ HTTP/1.1" 200 474
INFO 2026-03-24 13:43:52,951 basehttp 11748 14768 "GET /api/reports/ HTTP/1.1" 200 52
INFO 2026-03-24 13:43:52,968 basehttp 11748 14768 "GET /api/reports/ HTTP/1.1" 200 52
WARNING 2026-03-24 13:45:00,092 basehttp 11748 4148 "GET /main.1ab029e11c7c57e9e314.hot-update.json HTTP/1.1" 404 3020
INFO 2026-03-24 13:45:00,240 basehttp 11748 14768 "GET /api/patients/ HTTP/1.1" 200 474
INFO 2026-03-24 13:45:00,257 basehttp 11748 14768 "GET /api/patients/ HTTP/1.1" 200 474
INFO 2026-03-24 13:45:01,314 basehttp 11748 14768 "GET /api/patients/ HTTP/1.1" 200 474
INFO 2026-03-24 13:45:01,322 basehttp 11748 14768 "GET /api/patients/ HTTP/1.1" 200 474
INFO 2026-03-24 13:45:01,960 basehttp 11748 14768 "GET /api/reports/ HTTP/1.1" 200 52
INFO 2026-03-24 13:45:01,977 basehttp 11748 14768 "GET /api/reports/ HTTP/1.1" 200 52
INFO 2026-03-24 13:45:03,149 basehttp 11748 14768 "GET /api/reports/ HTTP/1.1" 200 52
INFO 2026-03-24 13:45:03,162 basehttp 11748 14768 "GET /api/reports/ HTTP/1.1" 200 52
INFO 2026-03-24 13:45:10,188 basehttp 11748 14768 "GET /api/appointments_app/appointments/? HTTP/1.1" 200 52
INFO 2026-03-24 13:45:10,212 basehttp 11748 14768 "GET /api/appointments_app/appointments/? HTTP/1.1" 200 52
INFO 2026-03-24 13:45:18,090 basehttp 11748 14768 "GET /api/reports/ HTTP/1.1" 200 52
INFO 2026-03-24 13:45:18,120 basehttp 11748 14768 "GET /api/reports/ HTTP/1.1" 200 52
INFO 2026-03-24 13:46:33,537 basehttp 11748 14768 "GET /api/patients/ HTTP/1.1" 200 474
INFO 2026-03-24 13:46:42,132 basehttp 11748 14768 "GET /api/patients/patients/ HTTP/1.1" 200 52
INFO 2026-03-24 13:46:42,146 basehttp 11748 14768 "GET /api/patients/patients/ HTTP/1.1" 200 52
INFO 2026-03-24 13:46:44,342 basehttp 11748 14768 "GET /api/reports/ HTTP/1.1" 200 52
INFO 2026-03-24 13:46:44,358 basehttp 11748 14768 "GET /api/reports/ HTTP/1.1" 200 52
INFO 2026-03-24 13:46:50,003 basehttp 11748 14768 "GET /api/patients/patients/ HTTP/1.1" 200 52
INFO 2026-03-24 13:46:50,019 basehttp 11748 14768 "GET /api/patients/patients/ HTTP/1.1" 200 52
INFO 2026-03-24 13:46:59,917 basehttp 11748 14768 "GET /api/reports/ HTTP/1.1" 200 52
INFO 2026-03-24 13:46:59,943 basehttp 11748 14768 "GET /api/reports/ HTTP/1.1" 200 52
INFO 2026-03-24 13:47:04,606 basehttp 11748 14768 "GET /api/appointments_app/appointments/? HTTP/1.1" 200 52
INFO 2026-03-24 13:47:04,623 basehttp 11748 14768 "GET /api/appointments_app/appointments/? HTTP/1.1" 200 52
INFO 2026-03-24 13:47:06,797 basehttp 11748 14768 "GET /api/reports/ HTTP/1.1" 200 52
INFO 2026-03-24 13:47:06,812 basehttp 11748 14768 "GET /api/reports/ HTTP/1.1" 200 52
INFO 2026-03-24 13:47:14,286 basehttp 11748 14768 "GET /api/reports/ HTTP/1.1" 200 52
INFO 2026-03-24 13:47:14,303 basehttp 11748 14768 "GET /api/patients/patients/ HTTP/1.1" 200 52
INFO 2026-03-24 13:47:14,318 basehttp 11748 14768 "GET /api/reports/ HTTP/1.1" 200 52
INFO 2026-03-24 13:47:14,327 basehttp 11748 14768 "GET /api/patients/patients/ HTTP/1.1" 200 52
INFO 2026-03-24 13:47:20,817 basehttp 11748 14768 "GET /api/reports/ HTTP/1.1" 200 52
INFO 2026-03-24 13:47:20,837 basehttp 11748 14768 "GET /api/reports/ HTTP/1.1" 200 52
INFO 2026-03-24 13:47:34,421 basehttp 11748 14768 "GET /api/patients/ HTTP/1.1" 200 474
INFO 2026-03-24 13:48:36,005 basehttp 11748 14768 "GET /api/patients/ HTTP/1.1" 200 474
INFO 2026-03-24 13:49:18,705 basehttp 11748 14768 "GET /api/patients/ HTTP/1.1" 200 474
INFO 2026-03-24 13:51:49,267 basehttp 11748 2932 "GET /api/patients/ HTTP/1.1" 200 474
INFO 2026-03-24 13:52:15,236 basehttp 11748 2932 "GET /api/patients/ HTTP/1.1" 200 474
INFO 2026-03-24 13:52:24,735 basehttp 11748 2932 "GET /api/patients/ HTTP/1.1" 200 474
INFO 2026-03-24 13:53:13,042 basehttp 11748 2932 "GET /api/patients/ HTTP/1.1" 200 474
INFO 2026-03-24 13:53:13,194 basehttp 11748 2932 "GET /api/reports/ HTTP/1.1" 200 52
INFO 2026-03-24 13:53:13,241 basehttp 11748 2932 "GET /api/reports/ HTTP/1.1" 200 52
INFO 2026-03-24 13:53:15,135 basehttp 11748 2932 "GET /api/reports/ HTTP/1.1" 200 52
INFO 2026-03-24 13:53:15,151 basehttp 11748 2932 "GET /api/reports/ HTTP/1.1" 200 52
INFO 2026-03-24 13:56:39,250 basehttp 11748 2932 "GET /api/patients/ HTTP/1.1" 200 474
INFO 2026-03-24 13:58:51,713 basehttp 11748 2932 "GET /api/patients/ HTTP/1.1" 200 474
INFO 2026-03-24 13:59:18,277 basehttp 11748 2932 "GET /api/patients/ HTTP/1.1" 200 474
INFO 2026-03-24 13:59:27,903 basehttp 11748 2932 "GET /api/patients/ HTTP/1.1" 200 474
INFO 2026-03-24 13:59:49,642 basehttp 11748 2932 "GET /api/patients/ HTTP/1.1" 200 474
INFO 2026-03-24 14:01:18,197 basehttp 11748 2932 "GET /api/patients/ HTTP/1.1" 200 474
INFO 2026-03-24 14:01:23,378 basehttp 11748 2932 "GET /api/patients/ HTTP/1.1" 200 474
INFO 2026-03-24 14:01:24,152 basehttp 11748 2932 "GET /api/patients/ HTTP/1.1" 200 474
INFO 2026-03-24 14:01:26,817 basehttp 11748 2932 "GET /api/patients/ HTTP/1.1" 200 474
INFO 2026-03-24 14:02:52,540 basehttp 11748 2932 "GET /api/patients/ HTTP/1.1" 200 474
INFO 2026-03-24 14:03:26,424 basehttp 11748 2932 "GET /api/patients/ HTTP/1.1" 200 474
INFO 2026-03-24 14:04:13,609 basehttp 11748 2932 "OPTIONS /api/reports/ HTTP/1.1" 200 0
INFO 2026-03-24 14:04:13,634 basehttp 11748 2932 "GET /api/reports/ HTTP/1.1" 200 52
INFO 2026-03-24 14:04:13,655 basehttp 11748 2932 "GET /api/reports/ HTTP/1.1" 200 52
INFO 2026-03-24 14:04:32,565 basehttp 11748 2932 "GET /api/patients/ HTTP/1.1" 200 474
INFO 2026-03-24 14:04:40,124 basehttp 11748 2932 "OPTIONS /api/patients/ HTTP/1.1" 200 0
INFO 2026-03-24 14:04:40,139 basehttp 11748 2932 "GET /api/patients/ HTTP/1.1" 200 474
INFO 2026-03-24 14:04:40,150 basehttp 11748 2932 "GET /api/patients/ HTTP/1.1" 200 474
INFO 2026-03-24 14:04:41,729 basehttp 11748 2932 "GET /api/reports/ HTTP/1.1" 200 52
INFO 2026-03-24 14:04:41,747 basehttp 11748 2932 "GET /api/reports/ HTTP/1.1" 200 52
INFO 2026-03-24 14:07:00,180 basehttp 11748 2932 "GET /api/reports/ HTTP/1.1" 200 52
INFO 2026-03-24 14:07:00,206 basehttp 11748 2932 "GET /api/reports/ HTTP/1.1" 200 52
INFO 2026-03-24 14:07:00,747 basehttp 11748 2932 "GET /api/patients/ HTTP/1.1" 200 474
INFO 2026-03-24 14:07:24,755 basehttp 11748 2932 "GET /api/patients/ HTTP/1.1" 200 474
INFO 2026-03-24 14:07:33,342 basehttp 11748 2932 "GET /api/patients/ HTTP/1.1" 200 474
INFO 2026-03-24 14:17:19,434 basehttp 11748 14324 "GET /api/patients/ HTTP/1.1" 200 474
INFO 2026-03-24 14:17:19,481 basehttp 11748 14324 "GET /api/patients/ HTTP/1.1" 200 474
INFO 2026-03-24 14:17:21,244 basehttp 11748 14324 "GET /api/reports/ HTTP/1.1" 200 52
INFO 2026-03-24 14:17:21,270 basehttp 11748 14324 "GET /api/reports/ HTTP/1.1" 200 52
INFO 2026-03-24 14:17:35,697 basehttp 11748 14324 "GET /api/patients/ HTTP/1.1" 200 474
INFO 2026-03-24 14:18:04,263 basehttp 11748 14324 "OPTIONS /api/patients/patients/ HTTP/1.1" 200 0
INFO 2026-03-24 14:18:04,266 basehttp 11748 15240 "OPTIONS /api/patients/patients/ HTTP/1.1" 200 0
INFO 2026-03-24 14:18:04,305 basehttp 11748 15240 "GET /api/patients/patients/ HTTP/1.1" 200 52
INFO 2026-03-24 14:18:04,324 basehttp 11748 15240 "GET /api/patients/patients/ HTTP/1.1" 200 52
INFO 2026-03-24 14:20:52,512 basehttp 11748 14860 "GET /api/patients/ HTTP/1.1" 200 474
INFO 2026-03-24 14:20:59,758 basehttp 11748 14860 "GET /api/reports/ HTTP/1.1" 200 52
INFO 2026-03-24 14:20:59,775 basehttp 11748 14860 "GET /api/reports/ HTTP/1.1" 200 52
INFO 2026-03-24 14:21:01,815 basehttp 11748 9300 "OPTIONS /api/appointments_app/appointments/? HTTP/1.1" 200 0
INFO 2026-03-24 14:21:01,816 basehttp 11748 14860 "OPTIONS /api/appointments_app/appointments/? HTTP/1.1" 200 0
INFO 2026-03-24 14:21:01,828 basehttp 11748 14860 "GET /api/appointments_app/appointments/? HTTP/1.1" 200 52
INFO 2026-03-24 14:21:01,850 basehttp 11748 14860 "GET /api/appointments_app/appointments/? HTTP/1.1" 200 52
INFO 2026-03-24 14:21:07,523 basehttp 11748 14860 "GET /api/patients/patients/ HTTP/1.1" 200 52
INFO 2026-03-24 14:21:07,535 basehttp 11748 14860 "GET /api/patients/patients/ HTTP/1.1" 200 52
INFO 2026-03-24 14:22:50,209 basehttp 11748 14860 "GET /api/patients/ HTTP/1.1" 200 474
INFO 2026-03-24 14:23:26,627 basehttp 11748 14860 "GET /api/patients/ HTTP/1.1" 200 474
INFO 2026-03-24 14:25:06,974 basehttp 11748 14860 "GET /api/patients/ HTTP/1.1" 200 474
INFO 2026-03-24 14:25:13,207 basehttp 11748 14860 "GET /api/patients/patients/ HTTP/1.1" 200 52
INFO 2026-03-24 14:25:13,233 basehttp 11748 14860 "GET /api/patients/patients/ HTTP/1.1" 200 52
INFO 2026-03-24 14:25:15,045 basehttp 11748 14860 "GET /api/reports/ HTTP/1.1" 200 52
INFO 2026-03-24 14:25:15,061 basehttp 11748 14860 "GET /api/reports/ HTTP/1.1" 200 52
INFO 2026-03-24 14:30:38,874 basehttp 11748 13896 "GET /api/patients/ HTTP/1.1" 200 474
INFO 2026-03-24 14:31:10,734 basehttp 11748 13896 "GET /api/patients/ HTTP/1.1" 200 474
INFO 2026-03-24 14:31:27,301 basehttp 11748 13896 "GET /api/patients/patients/ HTTP/1.1" 200 52
INFO 2026-03-24 14:31:27,315 basehttp 11748 13896 "GET /api/patients/patients/ HTTP/1.1" 200 52
INFO 2026-03-24 14:32:12,164 basehttp 11748 13896 "GET /api/patients/ HTTP/1.1" 200 474
INFO 2026-03-24 14:33:25,146 basehttp 11748 13896 "GET /api/patients/ HTTP/1.1" 200 474
INFO 2026-03-24 14:33:30,262 basehttp 11748 13896 "GET /api/reports/ HTTP/1.1" 200 52
INFO 2026-03-24 14:33:30,280 basehttp 11748 13896 "GET /api/reports/ HTTP/1.1" 200 52
INFO 2026-03-24 14:33:32,062 basehttp 11748 13896 "GET /api/patients/patients/ HTTP/1.1" 200 52
INFO 2026-03-24 14:33:32,080 basehttp 11748 13896 "GET /api/patients/patients/ HTTP/1.1" 200 52
INFO 2026-03-24 14:33:33,716 basehttp 11748 13896 "GET /api/appointments_app/appointments/? HTTP/1.1" 200 52
INFO 2026-03-24 14:33:33,745 basehttp 11748 13896 "GET /api/appointments_app/appointments/? HTTP/1.1" 200 52
INFO 2026-03-24 14:33:38,035 basehttp 11748 13896 "GET /api/appointments_app/appointments/? HTTP/1.1" 200 52
INFO 2026-03-24 14:33:38,054 basehttp 11748 13896 "GET /api/appointments_app/appointments/? HTTP/1.1" 200 52
INFO 2026-03-24 14:36:34,124 basehttp 11748 13896 "GET /api/appointments_app/appointments/? HTTP/1.1" 200 52
INFO 2026-03-24 14:36:34,141 basehttp 11748 13896 "GET /api/appointments_app/appointments/? HTTP/1.1" 200 52
INFO 2026-03-24 14:37:08,179 basehttp 11748 13896 "GET /api/patients/ HTTP/1.1" 200 474
INFO 2026-03-24 14:37:15,962 basehttp 11748 13896 "GET /api/patients/ HTTP/1.1" 200 474
INFO 2026-03-24 14:37:15,971 basehttp 11748 13896 "GET /api/patients/ HTTP/1.1" 200 474
INFO 2026-03-24 14:37:17,564 basehttp 11748 13896 "GET /api/appointments_app/appointments/? HTTP/1.1" 200 52
INFO 2026-03-24 14:37:17,585 basehttp 11748 13896 "GET /api/appointments_app/appointments/? HTTP/1.1" 200 52
INFO 2026-03-24 14:37:38,178 basehttp 11748 13896 "GET /api/patients/ HTTP/1.1" 200 474
INFO 2026-03-24 14:37:54,407 basehttp 11748 13896 "GET /api/patients/ HTTP/1.1" 200 474
INFO 2026-03-24 14:38:01,787 basehttp 11748 13896 "GET /api/patients/ HTTP/1.1" 200 474
INFO 2026-03-24 14:38:01,799 basehttp 11748 13896 "GET /api/patients/ HTTP/1.1" 200 474
INFO 2026-03-24 14:38:03,414 basehttp 11748 13896 "GET /api/appointments_app/appointments/? HTTP/1.1" 200 52
INFO 2026-03-24 14:38:03,437 basehttp 11748 13896 "GET /api/appointments_app/appointments/? HTTP/1.1" 200 52
INFO 2026-03-24 14:38:29,188 basehttp 11748 13896 "GET /api/patients/ HTTP/1.1" 200 474
INFO 2026-03-24 14:40:49,432 basehttp 11748 13896 "GET /api/patients/ HTTP/1.1" 200 474
INFO 2026-03-24 14:42:00,144 basehttp 11748 13896 "GET /api/patients/ HTTP/1.1" 200 474
INFO 2026-03-24 14:42:27,723 basehttp 11748 13896 "GET /api/patients/ HTTP/1.1" 200 474
INFO 2026-03-24 14:45:06,396 basehttp 11748 16404 "GET /api/patients/ HTTP/1.1" 200 474
INFO 2026-03-24 14:46:24,819 basehttp 11748 16404 "GET /api/patients/ HTTP/1.1" 200 474
INFO 2026-03-24 14:46:28,095 basehttp 11748 16404 "GET /api/patients/ HTTP/1.1" 200 474
INFO 2026-03-24 14:46:28,102 basehttp 11748 16404 "GET /api/patients/ HTTP/1.1" 200 474
INFO 2026-03-24 14:46:29,691 basehttp 11748 16404 "GET /api/appointments_app/appointments/? HTTP/1.1" 200 52
INFO 2026-03-24 14:46:29,708 basehttp 11748 16404 "GET /api/appointments_app/appointments/? HTTP/1.1" 200 52
INFO 2026-03-24 14:47:02,389 basehttp 11748 16404 "GET /api/patients/ HTTP/1.1" 200 474
INFO 2026-03-24 14:48:16,001 basehttp 11748 16404 "GET /api/patients/ HTTP/1.1" 200 474
INFO 2026-03-24 14:48:44,474 basehttp 11748 16404 "GET /api/patients/ HTTP/1.1" 200 474
INFO 2026-03-24 14:50:35,284 basehttp 11748 14780 "GET /api/patients/ HTTP/1.1" 200 474
INFO 2026-03-24 14:54:37,828 basehttp 11748 11412 "GET /api/patients/ HTTP/1.1" 200 474
INFO 2026-03-24 14:54:57,573 basehttp 11748 11412 "GET /api/patients/ HTTP/1.1" 200 474
INFO 2026-03-24 14:55:51,638 basehttp 11748 11412 "GET /api/patients/ HTTP/1.1" 200 474
INFO 2026-03-24 14:55:55,223 basehttp 11748 11412 "GET /api/appointments_app/appointments/? HTTP/1.1" 200 52
INFO 2026-03-24 14:55:55,249 basehttp 11748 11412 "GET /api/appointments_app/appointments/? HTTP/1.1" 200 52
INFO 2026-03-24 14:56:18,723 basehttp 11748 11412 "GET /api/patients/ HTTP/1.1" 200 474
INFO 2026-03-24 14:59:04,781 basehttp 11748 11412 "GET /api/patients/ HTTP/1.1" 200 474
INFO 2026-03-24 14:59:19,530 basehttp 11748 11412 "GET /api/appointments_app/appointments/? HTTP/1.1" 200 52
INFO 2026-03-24 14:59:19,548 basehttp 11748 11412 "GET /api/appointments_app/appointments/? HTTP/1.1" 200 52
INFO 2026-03-24 15:01:35,900 basehttp 11748 11412 "GET /api/patients/ HTTP/1.1" 200 474
INFO 2026-03-24 15:01:51,671 basehttp 11748 11412 "GET /api/patients/patients/ HTTP/1.1" 200 52
INFO 2026-03-24 15:01:51,687 basehttp 11748 11412 "GET /api/patients/patients/ HTTP/1.1" 200 52
INFO 2026-03-24 15:02:52,051 basehttp 11748 11412 "GET /api/patients/ HTTP/1.1" 200 474
INFO 2026-03-24 15:03:45,003 basehttp 11748 11412 "GET /api/patients/ HTTP/1.1" 200 474
INFO 2026-03-24 15:03:49,118 basehttp 11748 11412 "GET /api/patients/ HTTP/1.1" 200 474
INFO 2026-03-24 15:04:01,223 basehttp 11748 11412 "GET /api/appointments_app/appointments/? HTTP/1.1" 200 52
INFO 2026-03-24 15:04:01,250 basehttp 11748 11412 "GET /api/appointments_app/appointments/? HTTP/1.1" 200 52
INFO 2026-03-24 15:04:07,899 basehttp 11748 11412 "GET /api/reports/ HTTP/1.1" 200 52
INFO 2026-03-24 15:04:07,910 basehttp 11748 11412 "GET /api/reports/ HTTP/1.1" 200 52
